1617478813593	geckodriver	INFO	Listening on 127.0.0.1:52149
1617478816904	mozrunner::runner	INFO	Running command: "C:\\Program Files\\Mozilla Firefox\\firefox.exe" "--marionette" "-foreground" "-no-remote" "-profile" "C:\\Users\\Jaxn8\\AppData\\Local\\Temp\\rust_mozprofileUruw2G"
console.warn: SearchSettings: "get: No settings file exists, new profile?" (new Error("", "(unknown module)"))
1617478819331	Marionette	INFO	Listening on port 52158
1617478819583	Marionette	WARN	TLS certificate errors will be ignored for this session
JavaScript error: https://www.bestbuy.com/~assets/bby/_com/shop/warranty-selector/dist/client/client-86f6ea50132c88ec078c43fe25be8dd9.mjs, line 2: TypeError: r is undefined
console.log: WebExtensions: reset-default-search: No addons in our list are installed.
1617479794970	Marionette	INFO	Stopped listening on port 52158

###!!! [Child][RunMessage] Error: Channel closing: too late to send/recv, messages will be lost

"--marionette" "-foreground" "-no-remote" "-profile" "C:\\Users\\Jaxn8\\AppData\\Local\\Temp\\rust_mozprofilevT2RIW"
console.warn: SearchSettings: "get: No settings file exists, new profile?" (new Error("", "(unknown module)"))
1617479733854	Marionette	INFO	Listening on port 52760
1617479734289	Marionette	WARN	TLS certificate errors will be ignored for this session
1617480044045	Marionette	INFO	Stopped listening on port 52760
7479798009	mozrunner::runner	INFO	Running command: "C:\\Program Files\\Mozilla Firefox\\firefox.exe" "--marionette" "-foreground" "-no-remote" "-profile" "C:\\Users\\Jaxn8\\AppData\\Local\\Temp\\rust_mozprofileWIgJed"
console.warn: SearchSettings: "get: No settings file exists, new profile?" (new Error("", "(unknown module)"))
1617479800102	Marionette	INFO	Listening on port 52958
1617479800167	Marionette	WARN	TLS certificate errors will be ignored for this session
1617479802857	Marionette	WARN	TimedPromise timed out after 500 ms: stacktrace:
TimedPromise/<@chrome://marionette/content/sync.js:231:19
TimedPromise@chrome://marionette/content/sync.js:216:10
interaction.flushEventLoop@chrome://marionette/content/interaction.js:433:10
webdriverClickElement@chrome://marionette/content/interaction.js:179:31

###!!! [Child][RunMessage] Error: Channel closing: too late to send/recv, messages will be lost


###!!! [Child][RunMessage] Error: Channel closing: too late to send/recv, messages will be lost

1617479809984	Marionette	INFO	Stopped listening on port 52958

###!!! [Child][RunMessage] Error: Channel closing: too late to send/recv, messages will be lost

1617479840086	geckodriver	INFO	Listening on 127.0.0.1:53116
1617479843363	mozrunner::runner	INFO	Running command: "C:\\Program Files\\Mozilla Firefox\\firefox.exe" "--marionette" "-foreground" "-no-remote" "-profile" "C:\\Users\\Jaxn8\\AppData\\Local\\Temp\\rust_mozprofileFOXWwT"
console.warn: SearchSettings: "get: No settings file exists, new profile?" (new Error("", "(unknown module)"))
1617479845334	Marionette	INFO	Listening on port 53125
1617479845412	Marionette	WARN	TLS certificate errors will be ignored for this session
1617479848744	Marionette	WARN	TimedPromise timed out after 500 ms: stacktrace:
TimedPromise/<@chrome://marionette/content/sync.js:231:19
TimedPromise@chrome://marionette/content/sync.js:216:10
interaction.flushEventLoop@chrome://marionette/content/interaction.js:433:10
webdriverClickElement@chrome://marionette/content/interaction.js:179:31
1617479848953	Marionette	INFO	Stopped listening on port 53125

###!!! [Child][RunMessage] Error: Channel closing: too late to send/recv, messages will be lost

1617480090489	geckodriver	INFO	Listening on 127.0.0.1:53339
1617480093945	mozrunner::runner	INFO	Running command: "C:\\Program Files\\Mozilla Firefox\\firefox.exe" "--marionette" "-foreground" "-no-remote" "-profile" "C:\\Users\\Jaxn8\\AppData\\Local\\Temp\\rust_mozprofileHaWf9c"
console.warn: SearchSettings: "get: No settings file exists, new profile?" (new Error("", "(unknown module)"))
1617480096015	Marionette	INFO	Listening on port 53348
1617480096123	Marionette	WARN	TLS certificate errors will be ignored for this session
JavaScript error: https://www.bestbuy.com/~assets/bby/_com/shop/warranty-selector/dist/client/client-86f6ea50132c88ec078c43fe25be8dd9.mjs, line 2: TypeError: r is undefined
Handler function threw an exception: TypeError: topFrame.browsingContext is null
Stack: matchRequest@resource://devtools/server/actors/network-monitor/network-observer.js:130:9
_onRequestHeader@resource://devtools/server/actors/network-monitor/network-observer.js:959:10
NetworkObserver.prototype.observeActivity<@resource://devtools/server/actors/network-monitor/network-observer.js:710:12
exports.makeInfallible/<@resource://devtools/shared/ThreadSafeDevToolsUtils.js:103:22
Line: 130, column: 9
console.error: (new TypeError("topFrame.browsingContext is null", "resource://devtools/server/actors/network-monitor/network-observer.js", 130))
Handler function threw an exception: TypeError: topFrame.browsingContext is null
Stack: matchRequest@resource://devtools/server/actors/network-monitor/network-observer.js:130:9
_onRequestHeader@resource://devtools/server/actors/network-monitor/network-observer.js:959:10
NetworkObserver.prototype.observeActivity<@resource://devtools/server/actors/network-monitor/network-observer.js:710:12
exports.makeInfallible/<@resource://devtools/shared/ThreadSafeDevToolsUtils.js:103:22
Line: 130, column: 9
console.error: (new TypeError("topFrame.browsingContext is null", "resource://devtools/server/actors/network-monitor/network-observer.js", 130))
Handler function threw an exception: TypeError: topFrame.browsingContext is null
Stack: matchRequest@resource://devtools/server/actors/network-monitor/network-observer.js:130:9
_onRequestHeader@resource://devtools/server/actors/network-monitor/network-observer.js:959:10
NetworkObserver.prototype.observeActivity<@resource://devtools/server/actors/network-monitor/network-observer.js:710:12
exports.makeInfallible/<@resource://devtools/shared/ThreadSafeDevToolsUtils.js:103:22
Line: 130, column: 9
console.error: (new TypeError("topFrame.browsingContext is null", "resource://devtools/server/actors/network-monitor/network-observer.js", 130))
Handler function threw an exception: TypeError: topFrame.browsingContext is null
Stack: matchRequest@resource://devtools/server/actors/network-monitor/network-observer.js:130:9
_onRequestHeader@resource://devtools/server/actors/network-monitor/network-observer.js:959:10
NetworkObserver.prototype.observeActivity<@resource://devtools/server/actors/network-monitor/network-observer.js:710:12
exports.makeInfallible/<@resource://devtools/shared/ThreadSafeDevToolsUtils.js:103:22
Line: 130, column: 9
console.error: (new TypeError("topFrame.browsingContext is null", "resource://devtools/server/actors/network-monitor/network-observer.js", 130))
Handler function threw an exception: TypeError: topFrame.browsingContext is null
Stack: matchRequest@resource://devtools/server/actors/network-monitor/network-observer.js:130:9
_onRequestHeader@resource://devtools/server/actors/network-monitor/network-observer.js:959:10
NetworkObserver.prototype.observeActivity<@resource://devtools/server/actors/network-monitor/network-observer.js:710:12
exports.makeInfallible/<@resource://devtools/shared/ThreadSafeDevToolsUtils.js:103:22
Line: 130, column: 9
console.error: (new TypeError("topFrame.browsingContext is null", "resource://devtools/server/actors/network-monitor/network-observer.js", 130))
Handler function threw an exception: TypeError: topFrame.browsingContext is null
Stack: matchRequest@resource://devtools/server/actors/network-monitor/network-observer.js:130:9
_onRequestHeader@resource://devtools/server/actors/network-monitor/network-observer.js:959:10
NetworkObserver.prototype.observeActivity<@resource://devtools/server/actors/network-monitor/network-observer.js:710:12
exports.makeInfallible/<@resource://devtools/shared/ThreadSafeDevToolsUtils.js:103:22
Line: 130, column: 9
console.error: (new TypeError("topFrame.browsingContext is null", "resource://devtools/server/actors/network-monitor/network-observer.js", 130))
Handler function threw an exception: TypeError: topFrame.browsingContext is null
Stack: matchRequest@resource://devtools/server/actors/network-monitor/network-observer.js:130:9
_onRequestHeader@resource://devtools/server/actors/network-monitor/network-observer.js:959:10
NetworkObserver.prototype.observeActivity<@resource://devtools/server/actors/network-monitor/network-observer.js:710:12
exports.makeInfallible/<@resource://devtools/shared/ThreadSafeDevToolsUtils.js:103:22
Line: 130, column: 9
console.error: (new TypeError("topFrame.browsingContext is null", "resource://devtools/server/actors/network-monitor/network-observer.js", 130))
Handler function threw an exception: TypeError: topFrame.browsingContext is null
Stack: matchRequest@resource://devtools/server/actors/network-monitor/network-observer.js:130:9
_onRequestHeader@resource://devtools/server/actors/network-monitor/network-observer.js:959:10
NetworkObserver.prototype.observeActivity<@resource://devtools/server/actors/network-monitor/network-observer.js:710:12
exports.makeInfallible/<@resource://devtools/shared/ThreadSafeDevToolsUtils.js:103:22
Line: 130, column: 9
console.error: (new TypeError("topFrame.browsingContext is null", "resource://devtools/server/actors/network-monitor/network-observer.js", 130))
Handler function threw an exception: TypeError: topFrame.browsingContext is null
Stack: matchRequest@resource://devtools/server/actors/network-monitor/network-observer.js:130:9
_onRequestHeader@resource://devtools/server/actors/network-monitor/network-observer.js:959:10
NetworkObserver.prototype.observeActivity<@resource://devtools/server/actors/network-monitor/network-observer.js:710:12
exports.makeInfallible/<@resource://devtools/shared/ThreadSafeDevToolsUtils.js:103:22
Line: 130, column: 9
console.error: (new TypeError("topFrame.browsingContext is null", "resource://devtools/server/actors/network-monitor/network-observer.js", 130))
Handler function threw an exception: TypeError: topFrame.browsingContext is null
Stack: matchRequest@resource://devtools/server/actors/network-monitor/network-observer.js:130:9
_onRequestHeader@resource://devtools/server/actors/network-monitor/network-observer.js:959:10
NetworkObserver.prototype.observeActivity<@resource://devtools/server/actors/network-monitor/network-observer.js:710:12
exports.makeInfallible/<@resource://devtools/shared/ThreadSafeDevToolsUtils.js:103:22
Line: 130, column: 9
console.error: (new TypeError("topFrame.browsingContext is null", "resource://devtools/server/actors/network-monitor/network-observer.js", 130))
Handler function threw an exception: TypeError: topFrame.browsingContext is null
Stack: matchRequest@resource://devtools/server/actors/network-monitor/network-observer.js:130:9
_onRequestHeader@resource://devtools/server/actors/network-monitor/network-observer.js:959:10
NetworkObserver.prototype.observeActivity<@resource://devtools/server/actors/network-monitor/network-observer.js:710:12
exports.makeInfallible/<@resource://devtools/shared/ThreadSafeDevToolsUtils.js:103:22
Line: 130, column: 9
console.error: (new TypeError("topFrame.browsingContext is null", "resource://devtools/server/actors/network-monitor/network-observer.js", 130))
Handler function threw an exception: TypeError: topFrame.browsingContext is null
Stack: matchRequest@resource://devtools/server/actors/network-monitor/network-observer.js:130:9
_onRequestHeader@resource://devtools/server/actors/network-monitor/network-observer.js:959:10
NetworkObserver.prototype.observeActivity<@resource://devtools/server/actors/network-monitor/network-observer.js:710:12
exports.makeInfallible/<@resource://devtools/shared/ThreadSafeDevToolsUtils.js:103:22
Line: 130, column: 9
console.error: (new TypeError("topFrame.browsingContext is null", "resource://devtools/server/actors/network-monitor/network-observer.js", 130))
Handler function threw an exception: TypeError: topFrame.browsingContext is null
Stack: matchRequest@resource://devtools/server/actors/network-monitor/network-observer.js:130:9
_onRequestHeader@resource://devtools/server/actors/network-monitor/network-observer.js:959:10
NetworkObserver.prototype.observeActivity<@resource://devtools/server/actors/network-monitor/network-observer.js:710:12
exports.makeInfallible/<@resource://devtools/shared/ThreadSafeDevToolsUtils.js:103:22
Line: 130, column: 9
console.error: (new TypeError("topFrame.browsingContext is null", "resource://devtools/server/actors/network-monitor/network-observer.js", 130))
Handler function threw an exception: TypeError: topFrame.browsingContext is null
Stack: matchRequest@resource://devtools/server/actors/network-monitor/network-observer.js:130:9
_onRequestHeader@resource://devtools/server/actors/network-monitor/network-observer.js:959:10
NetworkObserver.prototype.observeActivity<@resource://devtools/server/actors/network-monitor/network-observer.js:710:12
exports.makeInfallible/<@resource://devtools/shared/ThreadSafeDevToolsUtils.js:103:22
Line: 130, column: 9
console.error: (new TypeError("topFrame.browsingContext is null", "resource://devtools/server/actors/network-monitor/network-observer.js", 130))
Handler function _httpResponseExaminer threw an exception: TypeError: topFrame.browsingContext is null
Stack: matchRequest@resource://devtools/server/actors/network-monitor/network-observer.js:130:9
_httpResponseExaminer@resource://devtools/server/actors/network-monitor/network-observer.js:456:10
exports.makeInfallible/<@resource://devtools/shared/ThreadSafeDevToolsUtils.js:103:22
Line: 130, column: 9
console.error: (new TypeError("topFrame.browsingContext is null", "resource://devtools/server/actors/network-monitor/network-observer.js", 130))
Handler function _httpResponseExaminer threw an exception: TypeError: topFrame.browsingContext is null
Stack: matchRequest@resource://devtools/server/actors/network-monitor/network-observer.js:130:9
_httpResponseExaminer@resource://devtools/server/actors/network-monitor/network-observer.js:456:10
exports.makeInfallible/<@resource://devtools/shared/ThreadSafeDevToolsUtils.js:103:22
Line: 130, column: 9
console.error: (new TypeError("topFrame.browsingContext is null", "resource://devtools/server/actors/network-monitor/network-observer.js", 130))
Handler function _httpResponseExaminer threw an exception: TypeError: topFrame.browsingContext is null
Stack: matchRequest@resource://devtools/server/actors/network-monitor/network-observer.js:130:9
_httpResponseExaminer@resource://devtools/server/actors/network-monitor/network-observer.js:456:10
exports.makeInfallible/<@resource://devtools/shared/ThreadSafeDevToolsUtils.js:103:22
Line: 130, column: 9
console.error: (new TypeError("topFrame.browsingContext is null", "resource://devtools/server/actors/network-monitor/network-observer.js", 130))
Handler function _httpResponseExaminer threw an exception: TypeError: topFrame.browsingContext is null
Stack: matchRequest@resource://devtools/server/actors/network-monitor/network-observer.js:130:9
_httpResponseExaminer@resource://devtools/server/actors/network-monitor/network-observer.js:456:10
exports.makeInfallible/<@resource://devtools/shared/ThreadSafeDevToolsUtils.js:103:22
Line: 130, column: 9
console.error: (new TypeError("topFrame.browsingContext is null", "resource://devtools/server/actors/network-monitor/network-observer.js", 130))
Handler function _httpResponseExaminer threw an exception: TypeError: topFrame.browsingContext is null
Stack: matchRequest@resource://devtools/server/actors/network-monitor/network-observer.js:130:9
_httpResponseExaminer@resource://devtools/server/actors/network-monitor/network-observer.js:456:10
exports.makeInfallible/<@resource://devtools/shared/ThreadSafeDevToolsUtils.js:103:22
Line: 130, column: 9
console.error: (new TypeError("topFrame.browsingContext is null", "resource://devtools/server/actors/network-monitor/network-observer.js", 130))
Handler function _httpResponseExaminer threw an exception: TypeError: topFrame.browsingContext is null
Stack: matchRequest@resource://devtools/server/actors/network-monitor/network-observer.js:130:9
_httpResponseExaminer@resource://devtools/server/actors/network-monitor/network-observer.js:456:10
exports.makeInfallible/<@resource://devtools/shared/ThreadSafeDevToolsUtils.js:103:22
Line: 130, column: 9
console.error: (new TypeError("topFrame.browsingContext is null", "resource://devtools/server/actors/network-monitor/network-observer.js", 130))
Handler function _httpResponseExaminer threw an exception: TypeError: topFrame.browsingContext is null
Stack: matchRequest@resource://devtools/server/actors/network-monitor/network-observer.js:130:9
_httpResponseExaminer@resource://devtools/server/actors/network-monitor/network-observer.js:456:10
exports.makeInfallible/<@resource://devtools/shared/ThreadSafeDevToolsUtils.js:103:22
Line: 130, column: 9
console.error: (new TypeError("topFrame.browsingContext is null", "resource://devtools/server/actors/network-monitor/network-observer.js", 130))
Handler function _httpResponseExaminer threw an exception: TypeError: topFrame.browsingContext is null
Stack: matchRequest@resource://devtools/server/actors/network-monitor/network-observer.js:130:9
_httpResponseExaminer@resource://devtools/server/actors/network-monitor/network-observer.js:456:10
exports.makeInfallible/<@resource://devtools/shared/ThreadSafeDevToolsUtils.js:103:22
Line: 130, column: 9
console.error: (new TypeError("topFrame.browsingContext is null", "resource://devtools/server/actors/network-monitor/network-observer.js", 130))
Handler function _httpResponseExaminer threw an exception: TypeError: topFrame.browsingContext is null
Stack: matchRequest@resource://devtools/server/actors/network-monitor/network-observer.js:130:9
_httpResponseExaminer@resource://devtools/server/actors/network-monitor/network-observer.js:456:10
exports.makeInfallible/<@resource://devtools/shared/ThreadSafeDevToolsUtils.js:103:22
Line: 130, column: 9
console.error: (new TypeError("topFrame.browsingContext is null", "resource://devtools/server/actors/network-monitor/network-observer.js", 130))
Handler function _httpResponseExaminer threw an exception: TypeError: topFrame.browsingContext is null
Stack: matchRequest@resource://devtools/server/actors/network-monitor/network-observer.js:130:9
_httpResponseExaminer@resource://devtools/server/actors/network-monitor/network-observer.js:456:10
exports.makeInfallible/<@resource://devtools/shared/ThreadSafeDevToolsUtils.js:103:22
Line: 130, column: 9
console.error: (new TypeError("topFrame.browsingContext is null", "resource://devtools/server/actors/network-monitor/network-observer.js", 130))
Handler function _httpResponseExaminer threw an exception: TypeError: topFrame.browsingContext is null
Stack: matchRequest@resource://devtools/server/actors/network-monitor/network-observer.js:130:9
_httpResponseExaminer@resource://devtools/server/actors/network-monitor/network-observer.js:456:10
exports.makeInfallible/<@resource://devtools/shared/ThreadSafeDevToolsUtils.js:103:22
Line: 130, column: 9
console.error: (new TypeError("topFrame.browsingContext is null", "resource://devtools/server/actors/network-monitor/network-observer.js", 130))
Handler function _httpResponseExaminer threw an exception: TypeError: topFrame.browsingContext is null
Stack: matchRequest@resource://devtools/server/actors/network-monitor/network-observer.js:130:9
_httpResponseExaminer@resource://devtools/server/actors/network-monitor/network-observer.js:456:10
exports.makeInfallible/<@resource://devtools/shared/ThreadSafeDevToolsUtils.js:103:22
Line: 130, column: 9
console.error: (new TypeError("topFrame.browsingContext is null", "resource://devtools/server/actors/network-monitor/network-observer.js", 130))
Handler function threw an exception: TypeError: topFrame.browsingContext is null
Stack: matchRequest@resource://devtools/server/actors/network-monitor/network-observer.js:130:9
_onRequestHeader@resource://devtools/server/actors/network-monitor/network-observer.js:959:10
NetworkObserver.prototype.observeActivity<@resource://devtools/server/actors/network-monitor/network-observer.js:710:12
exports.makeInfallible/<@resource://devtools/shared/ThreadSafeDevToolsUtils.js:103:22
Line: 130, column: 9
console.error: (new TypeError("topFrame.browsingContext is null", "resource://devtools/server/actors/network-monitor/network-observer.js", 130))
Handler function _httpResponseExaminer threw an exception: TypeError: topFrame.browsingContext is null
Stack: matchRequest@resource://devtools/server/actors/network-monitor/network-observer.js:130:9
_httpResponseExaminer@resource://devtools/server/actors/network-monitor/network-observer.js:456:10
exports.makeInfallible/<@resource://devtools/shared/ThreadSafeDevToolsUtils.js:103:22
Line: 130, column: 9
console.error: (new TypeError("topFrame.browsingContext is null", "resource://devtools/server/actors/network-monitor/network-observer.js", 130))
console.log: WebExtensions: reset-default-search: No addons in our list are installed.
JavaScript error: https://assets.bbystatic.com/shop/master-ad/dist/client/client-ace299dadf26beaa6be5c810be84a67a.mjs, line 1: TypeError: t.props.breadCrumb is undefined
console.error: "Error while calling actor 'layout's method 'getGrids'" "node is null"
console.error: "getGrids@resource://devtools/server/actors/layout.js:502:26\ngetGrids@resource://devtools/server/actors/layout.js:507:43\nhandler@resource://devtools/shared/protocol/Actor.js:172:37\nonPacket@resource://devtools/server/devtools-server-connection.js:379:58\nreceiveMessage@resource://devtools/shared/transport/child-transport.js:68:16\n"
JavaScript error: https://www.bestbuy.com/~assets/bby/_com/cart.bundle-25ee193fc9cfbb766567c34eff6d85f6.js, line 148: TypeError: e is null
JavaScript error: https://www.bestbuy.com/~assets/bby/_com/cart.bundle-25ee193fc9cfbb766567c34eff6d85f6.js, line 148: TypeError: e is null
JavaScript error: https://assets.bbystatic.com/shop/master-ad/dist/client/client-ace299dadf26beaa6be5c810be84a67a.mjs, line 1: TypeError: t.props.breadCrumb is undefined
console.error: "Error while calling actor 'layout's method 'getGrids'" "node is null"
console.error: "getGrids@resource://devtools/server/actors/layout.js:502:26\ngetGrids@resource://devtools/server/actors/layout.js:507:43\nhandler@resource://devtools/shared/protocol/Actor.js:172:37\nonPacket@resource://devtools/server/devtools-server-connection.js:379:58\nreceiveMessage@resource://devtools/shared/transport/child-transport.js:68:16\n"
console.error: "Error while calling actor 'pagestyle's method 'getApplied'" "node is null"
console.error: "getApplied@resource://devtools/server/actors/page-style.js:571:5\nhandler@resource://devtools/shared/protocol/Actor.js:172:37\nonPacket@resource://devtools/server/devtools-server-connection.js:379:58\nreceiveMessage@resource://devtools/shared/transport/child-transport.js:68:16\n"
JavaScript error: https://www.bestbuy.com/~assets/bby/_com/cart.bundle-25ee193fc9cfbb766567c34eff6d85f6.js, line 148: TypeError: e is null
JavaScript error: https://assets.bbystatic.com/shop/master-ad/dist/client/client-ace299dadf26beaa6be5c810be84a67a.mjs, line 1: TypeError: t.props.breadCrumb is undefined
console.error: "Error while calling actor 'layout's method 'getGrids'" "node is null"
console.error: "getGrids@resource://devtools/server/actors/layout.js:502:26\ngetGrids@resource://devtools/server/actors/layout.js:507:43\nhandler@resource://devtools/shared/protocol/Actor.js:172:37\nonPacket@resource://devtools/server/devtools-server-connection.js:379:58\nreceiveMessage@resource://devtools/shared/transport/child-transport.js:68:16\n"
console.error: "Error while calling actor 'pagestyle's method 'getApplied'" "node is null"
console.error: "getApplied@resource://devtools/server/actors/page-style.js:571:5\nhandler@resource://devtools/shared/protocol/Actor.js:172:37\nonPacket@resource://devtools/server/devtools-server-connection.js:379:58\nreceiveMessage@resource://devtools/shared/transport/child-transport.js:68:16\n"
JavaScript error: https://www.bestbuy.com/~assets/bby/_com/cart.bundle-25ee193fc9cfbb766567c34eff6d85f6.js, line 148: TypeError: e is null
JavaScript error: https://assets.bbystatic.com/shop/master-ad/dist/client/client-ace299dadf26beaa6be5c810be84a67a.mjs, line 1: TypeError: t.props.breadCrumb is undefined
console.error: "Error while calling actor 'layout's method 'getGrids'" "node is null"
console.error: "getGrids@resource://devtools/server/actors/layout.js:502:26\ngetGrids@resource://devtools/server/actors/layout.js:507:43\nhandler@resource://devtools/shared/protocol/Actor.js:172:37\nonPacket@resource://devtools/server/devtools-server-connection.js:379:58\nreceiveMessage@resource://devtools/shared/transport/child-transport.js:68:16\n"
console.error: (new TypeError("currentNode is null", "resource://devtools/client/inspector/shared/style-change-tracker.js", 66))
TypeError: currentNode is null: canMutationImpactCurrentStyles@resource://devtools/client/inspector/shared/style-change-tracker.js:66:20
onMutations@resource://devtools/client/inspector/shared/style-change-tracker.js:84:41
_emit@resource://devtools/shared/event-emitter.js:226:34
emit@resource://devtools/shared/event-emitter.js:172:18
emit@resource://devtools/shared/event-emitter.js:324:18
getMutations@resource://devtools/client/fronts/walker.js:358:10

JavaScript error: https://www.bestbuy.com/identity/signin?token=tid%3A9c6187aa-94b9-11eb-a66d-005056ae2547, line 158: ReferenceError: initializer is not defined
JavaScript error: https://www.bestbuy.com/~assets/bby/_com/shop/lib-dai/dist/client/client-6009ba6739d0dec68b1532c993ab7cfc.mjs, line 1: ReferenceError: actionLog is not defined
console.warn: LoginRecipes: "getRecipes: falling back to a synchronous message for:" "https://www.bestbuy.com"
1617481250543	Marionette	INFO	Stopped listening on port 53348

###!!! [Child][RunMessage] Error: Channel closing: too late to send/recv, messages will be lost

1617481266933	geckodriver	INFO	Listening on 127.0.0.1:54335
1617481270365	mozrunner::runner	INFO	Running command: "C:\\Program Files\\Mozilla Firefox\\firefox.exe" "--marionette" "-foreground" "-no-remote" "-profile" "C:\\Users\\Jaxn8\\AppData\\Local\\Temp\\rust_mozprofilem1YbM5"
console.warn: SearchSettings: "get: No settings file exists, new profile?" (new Error("", "(unknown module)"))
1617481272414	Marionette	INFO	Listening on port 54344
1617481272524	Marionette	WARN	TLS certificate errors will be ignored for this session
JavaScript error: https://assets.bbystatic.com/shop/master-ad/dist/client/client-ace299dadf26beaa6be5c810be84a67a.mjs, line 1: TypeError: t.props.breadCrumb is undefined
JavaScript error: https://www.bestbuy.com/~assets/bby/_com/cart.bundle-25ee193fc9cfbb766567c34eff6d85f6.js, line 148: TypeError: e is null
JavaScript error: https://www.bestbuy.com/identity/signin?token=tid%3A3752c027-94ba-11eb-b4b0-005056aea131, line 158: ReferenceError: initializer is not defined
JavaScript error: https://www.bestbuy.com/~assets/bby/_com/shop/lib-dai/dist/client/client-6009ba6739d0dec68b1532c993ab7cfc.mjs, line 1: ReferenceError: actionLog is not defined
console.warn: LoginRecipes: "getRecipes: falling back to a synchronous message for:" "https://www.bestbuy.com"
SourceActor threw an exception: [Exception... "Component returned failure code: 0x80470002 (NS_BASE_STREAM_CLOSED) [nsIInputStream.available]"  nsresult: "0x80470002 (NS_BASE_STREAM_CLOSED)"  location: "JS frame :: resource://devtools/shared/DevToolsUtils.js :: onResponse :: line 567"  data: no]
Stack: onResponse@resource://devtools/shared/DevToolsUtils.js:567:34
onStopRequest@resource://gre/modules/NetUtil.jsm:128:18
Line: 567, column: 0
console.error: ({})
JavaScript error: resource://devtools/shared/DevToolsUtils.js, line 567: NS_BASE_STREAM_CLOSED: Component returned failure code: 0x80470002 (NS_BASE_STREAM_CLOSED) [nsIInputStream.available]
SourceActor threw an exception: [Exception... "Component returned failure code: 0x80470002 (NS_BASE_STREAM_CLOSED) [nsIInputStream.available]"  nsresult: "0x80470002 (NS_BASE_STREAM_CLOSED)"  location: "JS frame :: resource://devtools/shared/DevToolsUtils.js :: onResponse :: line 567"  data: no]
Stack: onResponse@resource://devtools/shared/DevToolsUtils.js:567:34
onStopRequest@resource://gre/modules/NetUtil.jsm:128:18
Line: 567, column: 0
console.error: ({})
JavaScript error: resource://devtools/shared/DevToolsUtils.js, line 567: NS_BASE_STREAM_CLOSED: Component returned failure code: 0x80470002 (NS_BASE_STREAM_CLOSED) [nsIInputStream.available]
SourceActor threw an exception: [Exception... "Component returned failure code: 0x80470002 (NS_BASE_STREAM_CLOSED) [nsIInputStream.available]"  nsresult: "0x80470002 (NS_BASE_STREAM_CLOSED)"  location: "JS frame :: resource://devtools/shared/DevToolsUtils.js :: onResponse :: line 567"  data: no]
Stack: onResponse@resource://devtools/shared/DevToolsUtils.js:567:34
onStopRequest@resource://gre/modules/NetUtil.jsm:128:18
Line: 567, column: 0
console.error: ({})
JavaScript error: resource://devtools/shared/DevToolsUtils.js, line 567: NS_BASE_STREAM_CLOSED: Component returned failure code: 0x80470002 (NS_BASE_STREAM_CLOSED) [nsIInputStream.available]
SourceActor threw an exception: [Exception... "Component returned failure code: 0x80470002 (NS_BASE_STREAM_CLOSED) [nsIInputStream.available]"  nsresult: "0x80470002 (NS_BASE_STREAM_CLOSED)"  location: "JS frame :: resource://devtools/shared/DevToolsUtils.js :: onResponse :: line 567"  data: no]
Stack: onResponse@resource://devtools/shared/DevToolsUtils.js:567:34
onStopRequest@resource://gre/modules/NetUtil.jsm:128:18
Line: 567, column: 0
console.error: ({})
JavaScript error: resource://devtools/shared/DevToolsUtils.js, line 567: NS_BASE_STREAM_CLOSED: Component returned failure code: 0x80470002 (NS_BASE_STREAM_CLOSED) [nsIInputStream.available]
SourceActor threw an exception: [Exception... "Component returned failure code: 0x80470002 (NS_BASE_STREAM_CLOSED) [nsIInputStream.available]"  nsresult: "0x80470002 (NS_BASE_STREAM_CLOSED)"  location: "JS frame :: resource://devtools/shared/DevToolsUtils.js :: onResponse :: line 567"  data: no]
Stack: onResponse@resource://devtools/shared/DevToolsUtils.js:567:34
onStopRequest@resource://gre/modules/NetUtil.jsm:128:18
Line: 567, column: 0
console.error: ({})
SourceActor threw an exception: [Exception... "Component returned failure code: 0x80470002 (NS_BASE_STREAM_CLOSED) [nsIInputStream.available]"  nsresult: "0x80470002 (NS_BASE_STREAM_CLOSED)"  location: "JS frame :: resource://devtools/shared/DevToolsUtils.js :: onResponse :: line 567"  data: no]
Stack: onResponse@resource://devtools/shared/DevToolsUtils.js:567:34
onStopRequest@resource://gre/modules/NetUtil.jsm:128:18
Line: 567, column: 0
console.error: ({})
JavaScript error: resource://devtools/shared/DevToolsUtils.js, line 567: NS_BASE_STREAM_CLOSED: Component returned failure code: 0x80470002 (NS_BASE_STREAM_CLOSED) [nsIInputStream.available]
JavaScript error: resource://devtools/shared/DevToolsUtils.js, line 567: NS_BASE_STREAM_CLOSED: Component returned failure code: 0x80470002 (NS_BASE_STREAM_CLOSED) [nsIInputStream.available]
console.warn: LoginRecipes: "getRecipes: falling back to a synchronous message for:" "https://www.bestbuy.com"
1617481695816	Marionette	INFO	Stopped listening on port 54344

###!!! [Child][RunMessage] Error: Channel closing: too late to send/recv, messages will be lost

"--marionette" "-foreground" "-no-remote" "-profile" "C:\\Users\\Jaxn8\\AppData\\Local\\Temp\\rust_mozprofileo1N2ps"
console.warn: SearchSettings: "get: No settings file exists, new profile?" (new Error("", "(unknown module)"))
1617481535021	Marionette	INFO	Listening on port 54688
1617481535537	Marionette	WARN	TLS certificate errors will be ignored for this session
1617481539128	Marionette	WARN	TimedPromise timed out after 500 ms: stacktrace:
TimedPromise/<@chrome://marionette/content/sync.js:231:19
TimedPromise@chrome://marionette/content/sync.js:216:10
interaction.flushEventLoop@chrome://marionette/content/interaction.js:433:10
webdriverClickElement@chrome://marionette/content/interaction.js:179:31
1617481551502	Marionette	INFO	Stopped listening on port 54688

###!!! [Child][RunMessage] Error: Channel closing: too late to send/recv, messages will be lost

1617481574087	geckodriver	INFO	Listening on 127.0.0.1:54862
1617481577399	mozrunner::runner	INFO	Running command: "C:\\Program Files\\Mozilla Firefox\\firefox.exe" "--marionette" "-foreground" "-no-remote" "-profile" "C:\\Users\\Jaxn8\\AppData\\Local\\Temp\\rust_mozprofile4R2jgB"
console.warn: SearchSettings: "get: No settings file exists, new profile?" (new Error("", "(unknown module)"))
1617481579482	Marionette	INFO	Listening on port 54872
1617481579573	Marionette	WARN	TLS certificate errors will be ignored for this session
1617481580260	Marionette	INFO	Stopped listening on port 54872

###!!! [Child][RunMessage] Error: Channel closing: too late to send/recv, messages will be lost

1617481598557	geckodriver	INFO	Listening on 127.0.0.1:54928
1617481601838	mozrunner::runner	INFO	Running command: "C:\\Program Files\\Mozilla Firefox\\firefox.exe" "--marionette" "-foreground" "-no-remote" "-profile" "C:\\Users\\Jaxn8\\AppData\\Local\\Temp\\rust_mozprofileK26QzG"
console.warn: SearchSettings: "get: No settings file exists, new profile?" (new Error("", "(unknown module)"))
1617481603873	Marionette	INFO	Listening on port 54937
1617481603900	Marionette	WARN	TLS certificate errors will be ignored for this session
1617481607080	Marionette	WARN	TimedPromise timed out after 500 ms: stacktrace:
TimedPromise/<@chrome://marionette/content/sync.js:231:19
TimedPromise@chrome://marionette/content/sync.js:216:10
interaction.flushEventLoop@chrome://marionette/content/interaction.js:433:10
webdriverClickElement@chrome://marionette/content/interaction.js:179:31
JavaScript error: , line 0: TypeError: NetworkError when attempting to fetch resource.
JavaScript error: , line 0: TypeError: NetworkError when attempting to fetch resource.
JavaScript error: , line 0: TypeError: NetworkError when attempting to fetch resource.
JavaScript error: , line 0: TypeError: NetworkError when attempting to fetch resource.
JavaScript error: , line 0: TypeError: NetworkError when attempting to fetch resource.
JavaScript error: , line 0: TypeError: NetworkError when attempting to fetch resource.
JavaScript error: https://assets.bbystatic.com/shop/blue-assist/dist/client/client-d829dca5fcecb783ac015820bd0356cc.js, line 1: Error: Loading chunk 1 failed.
(error: https://www.bestbuy.com/~assets/bby/_com/shop/blue-assist/dist/client/1-d829dca5fcecb783ac015820bd0356cc.js)
JavaScript error: , line 0: TypeError: NetworkError when attempting to fetch resource.
JavaScript error: , line 0: TypeError: NetworkError when attempting to fetch resource.
JavaScript error: , line 0: TypeError: NetworkError when attempting to fetch resource.
JavaScript error: , line 0: TypeError: NetworkError when attempting to fetch resource.
JavaScript error: , line 0: TypeError: NetworkError when attempting to fetch resource.
JavaScript error: , line 0: TypeError: NetworkError when attempting to fetch resource.
JavaScript error: , line 0: TypeError: NetworkError when attempting to fetch resource.
JavaScript error: , line 0: TypeError: NetworkError when attempting to fetch resource.
JavaScript error: , line 0: TypeError: NetworkError when attempting to fetch resource.
JavaScript error: , line 0: TypeError: NetworkError when attempting to fetch resource.
JavaScript error: https://www.bestbuy.com/~assets/bby/_com/cart.bundle-25ee193fc9cfbb766567c34eff6d85f6.js, line 148: TypeError: e is null
JavaScript error: https://assets.bbystatic.com/shop/master-ad/dist/client/client-ace299dadf26beaa6be5c810be84a67a.mjs, line 1: TypeError: t.props.breadCrumb is undefined

###!!! [Child][RunMessage] Error: Channel closing: too late to send/recv, messages will be lost

1617481693076	Marionette	INFO	Stopped listening on port 54937

###!!! [Child][RunMessage] Error: Channel closing: too late to send/recv, messages will be lost

1617481708899	geckodriver	INFO	Listening on 127.0.0.1:55129
1617481712199	mozrunner::runner	INFO	Running command: "C:\\Program Files\\Mozilla Firefox\\firefox.exe" "--marionette" "-foreground" "-no-remote" "-profile" "C:\\Users\\Jaxn8\\AppData\\Local\\Temp\\rust_mozprofileoyexNN"
console.warn: SearchSettings: "get: No settings file exists, new profile?" (new Error("", "(unknown module)"))
1617481714400	Marionette	INFO	Listening on port 55138
1617481714861	Marionette	WARN	TLS certificate errors will be ignored for this session
JavaScript error: https://www.bestbuy.com/~assets/bby/_com/shop/header/dist/client/welcome-back-b56f3fa3c9800c4a1cb4084fc82efb95.mjs, line 1: TypeError: t is undefined
JavaScript error: https://assets.bbystatic.com/shop/master-ad/dist/client/client-ace299dadf26beaa6be5c810be84a67a.mjs, line 1: TypeError: t.props.breadCrumb is undefined
JavaScript error: https://www.bestbuy.com/~assets/bby/_com/cart.bundle-25ee193fc9cfbb766567c34eff6d85f6.js, line 148: TypeError: e is null
console.error: (new TypeError("currentNode is null", "resource://devtools/client/inspector/shared/style-change-tracker.js", 66))
TypeError: currentNode is null: canMutationImpactCurrentStyles@resource://devtools/client/inspector/shared/style-change-tracker.js:66:20
onMutations@resource://devtools/client/inspector/shared/style-change-tracker.js:84:41
_emit@resource://devtools/shared/event-emitter.js:226:34
emit@resource://devtools/shared/event-emitter.js:172:18
emit@resource://devtools/shared/event-emitter.js:324:18
getMutations@resource://devtools/client/fronts/walker.js:358:10

JavaScript error: https://www.bestbuy.com/identity/signin?token=tid%3A7be0feb0-94bb-11eb-a66d-005056ae2547, line 158: ReferenceError: initializer is not defined
JavaScript error: https://www.bestbuy.com/~assets/bby/_com/shop/lib-dai/dist/client/client-6009ba6739d0dec68b1532c993ab7cfc.mjs, line 1: ReferenceError: actionLog is not defined
1617481881056	Marionette	INFO	Stopped listening on port 55138

###!!! [Child][RunMessage] Error: Channel closing: too late to send/recv, messages will be lost

1617481890085	geckodriver	INFO	Listening on 127.0.0.1:55421
1617481893503	mozrunner::runner	INFO	Running command: "C:\\Program Files\\Mozilla Firefox\\firefox.exe" "--marionette" "-foreground" "-no-remote" "-profile" "C:\\Users\\Jaxn8\\AppData\\Local\\Temp\\rust_mozprofileXJlXai"
console.warn: SearchSettings: "get: No settings file exists, new profile?" (new Error("", "(unknown module)"))
1617481895705	Marionette	INFO	Listening on port 55430
1617481896154	Marionette	WARN	TLS certificate errors will be ignored for this session
1617481899531	Marionette	WARN	TimedPromise timed out after 500 ms: stacktrace:
TimedPromise/<@chrome://marionette/content/sync.js:231:19
TimedPromise@chrome://marionette/content/sync.js:216:10
interaction.flushEventLoop@chrome://marionette/content/interaction.js:433:10
webdriverClickElement@chrome://marionette/content/interaction.js:179:31
JavaScript error: , line 0: TypeError: NetworkError when attempting to fetch resource.
JavaScript error: https://www.bestbuy.com/~assets/bby/_com/shop/step-up-accordion/dist/client/client-d0cf44b632c6399cfc4fdd6618f2a386.js, line 1: Error: Loading chunk 0 failed.
(error: https://www.bestbuy.com/~assets/bby/_com/shop/step-up-accordion/dist/client/0-d0cf44b632c6399cfc4fdd6618f2a386.js)
JavaScript error: https://www.bestbuy.com/~assets/bby/_com/shop/warranty-selector/dist/client/client-86f6ea50132c88ec078c43fe25be8dd9.mjs, line 2: TypeError: r is undefined
JavaScript error: https://assets.bbystatic.com/shop/master-ad/dist/client/client-ace299dadf26beaa6be5c810be84a67a.mjs, line 1: TypeError: t.props.breadCrumb is undefined
1617481909822	Marionette	INFO	Stopped listening on port 55430
1617481925129	geckodriver	INFO	Listening on 127.0.0.1:55581
1617481928430	mozrunner::runner	INFO	Running command: "C:\\Program Files\\Mozilla Firefox\\firefox.exe" "--marionette" "-foreground" "-no-remote" "-profile" "C:\\Users\\Jaxn8\\AppData\\Local\\Temp\\rust_mozprofileHRNs9w"
console.warn: SearchSettings: "get: No settings file exists, new profile?" (new Error("", "(unknown module)"))
1617481930405	Marionette	INFO	Listening on port 55590
1617481930488	Marionette	WARN	TLS certificate errors will be ignored for this session
1617481933936	Marionette	WARN	TimedPromise timed out after 500 ms: stacktrace:
TimedPromise/<@chrome://marionette/content/sync.js:231:19
TimedPromise@chrome://marionette/content/sync.js:216:10
interaction.flushEventLoop@chrome://marionette/content/interaction.js:433:10
webdriverClickElement@chrome://marionette/content/interaction.js:179:31
JavaScript error: https://www.bestbuy.com/~assets/bby/_com/shop/warranty-selector/dist/client/client-86f6ea50132c88ec078c43fe25be8dd9.mjs, line 2: TypeError: r is undefined
1617481935335	Marionette	WARN	TimedPromise timed out after 500 ms: stacktrace:
TimedPromise/<@chrome://marionette/content/sync.js:231:19
TimedPromise@chrome://marionette/content/sync.js:216:10
interaction.flushEventLoop@chrome://marionette/content/interaction.js:433:10
webdriverClickElement@chrome://marionette/content/interaction.js:179:31
JavaScript error: , line 0: TypeError: NetworkError when attempting to fetch resource.
JavaScript error: https://www.bestbuy.com/~assets/bby/_com/shop/header/dist/client/client-current-b56f3fa3c9800c4a1cb4084fc82efb95.mjs, line 1: TypeError: e is undefined
JavaScript error: https://www.bestbuy.com/~assets/bby/_com/shop/warranty-selector/dist/client/client-86f6ea50132c88ec078c43fe25be8dd9.mjs, line 2: Error: FalcorFetcher.getTTSDataForSkus failed to fetch data from priceagg for sku: 5802830,5802709,5802907.  Error: NetworkError when attempting to fetch resource.
JavaScript error: https://www.bestbuy.com/~assets/bby/_com/cart.bundle-25ee193fc9cfbb766567c34eff6d85f6.js, line 148: TypeError: e is null
JavaScript error: https://assets.bbystatic.com/shop/master-ad/dist/client/client-ace299dadf26beaa6be5c810be84a67a.mjs, line 1: TypeError: t.props.breadCrumb is undefined
[Child 2436, IPC I/O Child] WARNING: pipe error: 232: file /builds/worker/checkouts/gecko/ipc/chromium/src/chrome/common/ipc_channel_win.cc:544
1617481972565	Marionette	INFO	Stopped listening on port 55590

###!!! [Child][RunMessage] Error: Channel closing: too late to send/recv, messages will be lost

: "get: No settings file exists, new profile?" (new Error("", "(unknown module)"))
1617481972717	Marionette	INFO	Listening on port 55745
1617481972766	Marionette	WARN	TLS certificate errors will be ignored for this session
1617481975848	Marionette	WARN	TimedPromise timed out after 500 ms: stacktrace:
TimedPromise/<@chrome://marionette/content/sync.js:231:19
TimedPromise@chrome://marionette/content/sync.js:216:10
interaction.flushEventLoop@chrome://marionette/content/interaction.js:433:10
webdriverClickElement@chrome://marionette/content/interaction.js:179:31
JavaScript error: https://www.bestbuy.com/~assets/bby/_com/shop/warranty-selector/dist/client/client-86f6ea50132c88ec078c43fe25be8dd9.mjs, line 2: TypeError: r is undefined
JavaScript error: https://www.bestbuy.com/~assets/bby/_com/cart.bundle-25ee193fc9cfbb766567c34eff6d85f6.js, line 148: TypeError: e is null
JavaScript error: https://assets.bbystatic.com/shop/master-ad/dist/client/client-ace299dadf26beaa6be5c810be84a67a.mjs, line 1: TypeError: t.props.breadCrumb is undefined
1617482019449	Marionette	INFO	Stopped listening on port 55745

###!!! [Child][RunMessage] Error: Channel closing: too late to send/recv, messages will be lost

"--marionette" "-foreground" "-no-remote" "-profile" "C:\\Users\\Jaxn8\\AppData\\Local\\Temp\\rust_mozprofilet6VM9k"
console.warn: SearchSettings: "get: No settings file exists, new profile?" (new Error("", "(unknown module)"))
1617482021418	Marionette	INFO	Listening on port 55907
1617482021551	Marionette	WARN	TLS certificate errors will be ignored for this session
1617482024910	Marionette	WARN	TimedPromise timed out after 500 ms: stacktrace:
TimedPromise/<@chrome://marionette/content/sync.js:231:19
TimedPromise@chrome://marionette/content/sync.js:216:10
interaction.flushEventLoop@chrome://marionette/content/interaction.js:433:10
webdriverClickElement@chrome://marionette/content/interaction.js:179:31
JavaScript error: https://www.bestbuy.com/~assets/bby/_com/shop/warranty-selector/dist/client/client-86f6ea50132c88ec078c43fe25be8dd9.mjs, line 2: TypeError: r is undefined
JavaScript error: , line 0: TypeError: NetworkError when attempting to fetch resource.
JavaScript error: , line 0: TypeError: NetworkError when attempting to fetch resource.
JavaScript error: https://www.bestbuy.com/~assets/bby/_com/user-generated-content/ugc-stats/dist/client/client-7a153466bb5b38be70c9ff109aa8cea6.mjs, line 1: Error: Loading chunk 1 failed.
(error: https://www.bestbuy.com/~assets/bby/_com/user-generated-content/ugc-stats/dist/client/1-7a153466bb5b38be70c9ff109aa8cea6.mjs)
JavaScript error: https://www.bestbuy.com/~assets/bby/_com/user-generated-content/ugc-stats/dist/client/client-7a153466bb5b38be70c9ff109aa8cea6.mjs, line 1: Error: Loading chunk 1 failed.
(error: https://www.bestbuy.com/~assets/bby/_com/user-generated-content/ugc-stats/dist/client/1-7a153466bb5b38be70c9ff109aa8cea6.mjs)
JavaScript error: https://www.bestbuy.com/~assets/bby/_com/shop/warranty-selector/dist/client/client-86f6ea50132c88ec078c43fe25be8dd9.mjs, line 2: Error: FalcorFetcher.getTTSDataForSkus failed to fetch data from priceagg for sku: 5802830,5802709,5802907.  Error: NetworkError when attempting to fetch resource.
JavaScript error: https://assets.bbystatic.com/shop/sku-purchase-activity/dist/client/client-848a399010901d162bbcb681b201e6ac.js, line 1: Error: Loading chunk 0 failed.
(error: https://www.bestbuy.com/~assets/bby/_com/shop/sku-purchase-activity/dist/client/0-848a399010901d162bbcb681b201e6ac.js)
JavaScript error: https://www.bestbuy.com/~assets/bby/_com/shop/solution-button/dist/client/client-562d4ceedba104d6e8931b70e0acec9b.mjs, line 1: ChunkLoadError: Loading chunk 1 failed.
(error: https://www.bestbuy.com/~assets/bby/_com/shop/solution-button/dist/client/1-562d4ceedba104d6e8931b70e0acec9b.mjs)
JavaScript error: https://www.bestbuy.com/~assets/bby/_com/user-generated-content/question-distillation/dist/client/client-5950b31fb70dc6367f9e8b12ce473494.mjs, line 1: ChunkLoadError: Loading chunk 1 failed.
(error: https://www.bestbuy.com/~assets/bby/_com/user-generated-content/question-distillation/dist/client/1-5950b31fb70dc6367f9e8b12ce473494.mjs)
JavaScript error: https://www.bestbuy.com/~assets/bby/_com/user-generated-content/ratings-and-reviews/dist/client/client-ded8e58fad107cfc48f8bdcb2be24043.mjs, line 1: ChunkLoadError: Loading chunk 1 failed.
(error: https://www.bestbuy.com/~assets/bby/_com/user-generated-content/ratings-and-reviews/dist/client/1-ded8e58fad107cfc48f8bdcb2be24043.mjs)
JavaScript error: https://assets.bbystatic.com/shop/google-adsense/dist/client/client-bff87a700583cef4449f4538b9752cce.mjs, line 1: ChunkLoadError: Loading chunk 1 failed.
(error: https://www.bestbuy.com/~assets/bby/_com/shop/google-adsense/dist/client/1-bff87a700583cef4449f4538b9752cce.mjs)
JavaScript error: , line 0: TypeError: NetworkError when attempting to fetch resource.
JavaScript error: , line 0: TypeError: NetworkError when attempting to fetch resource.
JavaScript error: https://www.bestbuy.com/~assets/bby/_com/cart.bundle-25ee193fc9cfbb766567c34eff6d85f6.js, line 148: TypeError: e is null
JavaScript error: https://assets.bbystatic.com/shop/master-ad/dist/client/client-ace299dadf26beaa6be5c810be84a67a.mjs, line 1: TypeError: t.props.breadCrumb is undefined
JavaScript error: , line 0: TypeError: NetworkError when attempting to fetch resource.
JavaScript error: , line 0: TypeError: NetworkError when attempting to fetch resource.
JavaScript error: , line 0: TypeError: NetworkError when attempting to fetch resource.
JavaScript error: , line 0: TypeError: NetworkError when attempting to fetch resource.
JavaScript error: , line 0: TypeError: NetworkError when attempting to fetch resource.
JavaScript error: , line 0: TypeError: NetworkError when attempting to fetch resource.
JavaScript error: , line 0: TypeError: NetworkError when attempting to fetch resource.
JavaScript error: , line 0: TypeError: NetworkError when attempting to fetch resource.
JavaScript error: , line 0: TypeError: NetworkError when attempting to fetch resource.
JavaScript error: , line 0: TypeError: NetworkError when attempting to fetch resource.
JavaScript error: , line 0: TypeError: NetworkError when attempting to fetch resource.
JavaScript error: , line 0: TypeError: NetworkError when attempting to fetch resource.
JavaScript error: , line 0: TypeError: NetworkError when attempting to fetch resource.
JavaScript error: , line 0: TypeError: NetworkError when attempting to fetch resource.
JavaScript error: , line 0: TypeError: NetworkError when attempting to fetch resource.
JavaScript error: , line 0: TypeError: NetworkError when attempting to fetch resource.
JavaScript error: , line 0: TypeError: NetworkError when attempting to fetch resource.
JavaScript error: , line 0: TypeError: NetworkError when attempting to fetch resource.
JavaScript error: , line 0: TypeError: NetworkError when attempting to fetch resource.
JavaScript error: , line 0: TypeError: NetworkError when attempting to fetch resource.
JavaScript error: , line 0: TypeError: NetworkError when attempting to fetch resource.
JavaScript error: , line 0: TypeError: NetworkError when attempting to fetch resource.
JavaScript error: https://www.bestbuy.com/identity/signin?token=tid%3Ae57f1c97-94bb-11eb-b4b0-005056aea131, line 158: ReferenceError: initializer is not defined
JavaScript error: https://www.bestbuy.com/~assets/bby/_com/shop/lib-dai/dist/client/client-6009ba6739d0dec68b1532c993ab7cfc.mjs, line 1: ReferenceError: actionLog is not defined
console.warn: LoginRecipes: "getRecipes: falling back to a synchronous message for:" "https://www.bestbuy.com"
SourceActor threw an exception: [Exception... "Component returned failure code: 0x80470002 (NS_BASE_STREAM_CLOSED) [nsIInputStream.available]"  nsresult: "0x80470002 (NS_BASE_STREAM_CLOSED)"  location: "JS frame :: resource://devtools/shared/DevToolsUtils.js :: onResponse :: line 567"  data: no]
Stack: onResponse@resource://devtools/shared/DevToolsUtils.js:567:34
onStopRequest@resource://gre/modules/NetUtil.jsm:128:18
Line: 567, column: 0
console.error: ({})
JavaScript error: resource://devtools/shared/DevToolsUtils.js, line 567: NS_BASE_STREAM_CLOSED: Component returned failure code: 0x80470002 (NS_BASE_STREAM_CLOSED) [nsIInputStream.available]
SourceActor threw an exception: [Exception... "Component returned failure code: 0x80470002 (NS_BASE_STREAM_CLOSED) [nsIInputStream.available]"  nsresult: "0x80470002 (NS_BASE_STREAM_CLOSED)"  location: "JS frame :: resource://devtools/shared/DevToolsUtils.js :: onResponse :: line 567"  data: no]
Stack: onResponse@resource://devtools/shared/DevToolsUtils.js:567:34
onStopRequest@resource://gre/modules/NetUtil.jsm:128:18
Line: 567, column: 0
console.error: ({})
JavaScript error: resource://devtools/shared/DevToolsUtils.js, line 567: NS_BASE_STREAM_CLOSED: Component returned failure code: 0x80470002 (NS_BASE_STREAM_CLOSED) [nsIInputStream.available]
SourceActor threw an exception: [Exception... "Component returned failure code: 0x80470002 (NS_BASE_STREAM_CLOSED) [nsIInputStream.available]"  nsresult: "0x80470002 (NS_BASE_STREAM_CLOSED)"  location: "JS frame :: resource://devtools/shared/DevToolsUtils.js :: onResponse :: line 567"  data: no]
Stack: onResponse@resource://devtools/shared/DevToolsUtils.js:567:34
onStopRequest@resource://gre/modules/NetUtil.jsm:128:18
Line: 567, column: 0
console.error: ({})
JavaScript error: resource://devtools/shared/DevToolsUtils.js, line 567: NS_BASE_STREAM_CLOSED: Component returned failure code: 0x80470002 (NS_BASE_STREAM_CLOSED) [nsIInputStream.available]
SourceActor threw an exception: [Exception... "Component returned failure code: 0x80470002 (NS_BASE_STREAM_CLOSED) [nsIInputStream.available]"  nsresult: "0x80470002 (NS_BASE_STREAM_CLOSED)"  location: "JS frame :: resource://devtools/shared/DevToolsUtils.js :: onResponse :: line 567"  data: no]
Stack: onResponse@resource://devtools/shared/DevToolsUtils.js:567:34
onStopRequest@resource://gre/modules/NetUtil.jsm:128:18
Line: 567, column: 0
console.error: ({})
SourceActor threw an exception: [Exception... "Component returned failure code: 0x80470002 (NS_BASE_STREAM_CLOSED) [nsIInputStream.available]"  nsresult: "0x80470002 (NS_BASE_STREAM_CLOSED)"  location: "JS frame :: resource://devtools/shared/DevToolsUtils.js :: onResponse :: line 567"  data: no]
Stack: onResponse@resource://devtools/shared/DevToolsUtils.js:567:34
onStopRequest@resource://gre/modules/NetUtil.jsm:128:18
Line: 567, column: 0
console.error: ({})
JavaScript error: resource://devtools/shared/DevToolsUtils.js, line 567: NS_BASE_STREAM_CLOSED: Component returned failure code: 0x80470002 (NS_BASE_STREAM_CLOSED) [nsIInputStream.available]
JavaScript error: resource://devtools/shared/DevToolsUtils.js, line 567: NS_BASE_STREAM_CLOSED: Component returned failure code: 0x80470002 (NS_BASE_STREAM_CLOSED) [nsIInputStream.available]
SourceActor threw an exception: [Exception... "Component returned failure code: 0x80470002 (NS_BASE_STREAM_CLOSED) [nsIInputStream.available]"  nsresult: "0x80470002 (NS_BASE_STREAM_CLOSED)"  location: "JS frame :: resource://devtools/shared/DevToolsUtils.js :: onResponse :: line 567"  data: no]
Stack: onResponse@resource://devtools/shared/DevToolsUtils.js:567:34
onStopRequest@resource://gre/modules/NetUtil.jsm:128:18
Line: 567, column: 0
console.error: ({})
JavaScript error: resource://devtools/shared/DevToolsUtils.js, line 567: NS_BASE_STREAM_CLOSED: Component returned failure code: 0x80470002 (NS_BASE_STREAM_CLOSED) [nsIInputStream.available]
SourceActor threw an exception: [Exception... "Component returned failure code: 0x80470002 (NS_BASE_STREAM_CLOSED) [nsIInputStream.available]"  nsresult: "0x80470002 (NS_BASE_STREAM_CLOSED)"  location: "JS frame :: resource://devtools/shared/DevToolsUtils.js :: onResponse :: line 567"  data: no]
Stack: onResponse@resource://devtools/shared/DevToolsUtils.js:567:34
onStopRequest@resource://gre/modules/NetUtil.jsm:128:18
Line: 567, column: 0
console.error: ({})
JavaScript error: resource://devtools/shared/DevToolsUtils.js, line 567: NS_BASE_STREAM_CLOSED: Component returned failure code: 0x80470002 (NS_BASE_STREAM_CLOSED) [nsIInputStream.available]
1617482059838	Marionette	INFO	Stopped listening on port 55907

###!!! [Child][RunMessage] Error: Channel closing: too late to send/recv, messages will be lost

1617482062108	geckodriver	INFO	Listening on 127.0.0.1:56057
1617482065405	mozrunner::runner	INFO	Running command: "C:\\Program Files\\Mozilla Firefox\\firefox.exe" "--marionette" "-foreground" "-no-remote" "-profile" "C:\\Users\\Jaxn8\\AppData\\Local\\Temp\\rust_mozprofileaaxVz9"
console.warn: SearchSettings: "get: No settings file exists, new profile?" (new Error("", "(unknown module)"))
1617482067462	Marionette	INFO	Listening on port 56066
1617482067567	Marionette	WARN	TLS certificate errors will be ignored for this session
JavaScript error: https://www.bestbuy.com/~assets/bby/_com/shop/warranty-selector/dist/client/client-86f6ea50132c88ec078c43fe25be8dd9.mjs, line 2: TypeError: r is undefined
1617482073553	Marionette	WARN	Ignoring event 'DOMContentLoaded' because document has an invalid readyState of 'complete'.
1617482073581	Marionette	WARN	TimedPromise timed out after 500 ms: stacktrace:
TimedPromise/<@chrome://marionette/content/sync.js:231:19
TimedPromise@chrome://marionette/content/sync.js:216:10
interaction.flushEventLoop@chrome://marionette/content/interaction.js:433:10
webdriverClickElement@chrome://marionette/content/interaction.js:179:31
JavaScript error: , line 0: TypeError: NetworkError when attempting to fetch resource.
JavaScript error: , line 0: TypeError: NetworkError when attempting to fetch resource.
JavaScript error: , line 0: TypeError: NetworkError when attempting to fetch resource.
JavaScript error: , line 0: TypeError: NetworkError when attempting to fetch resource.
JavaScript error: , line 0: TypeError: NetworkError when attempting to fetch resource.
JavaScript error: , line 0: TypeError: NetworkError when attempting to fetch resource.
JavaScript error: , line 0: TypeError: NetworkError when attempting to fetch resource.
JavaScript error: , line 0: TypeError: NetworkError when attempting to fetch resource.
JavaScript error: , line 0: TypeError: NetworkError when attempting to fetch resource.
JavaScript error: , line 0: TypeError: NetworkError when attempting to fetch resource.
JavaScript error: , line 0: TypeError: NetworkError when attempting to fetch resource.
JavaScript error: , line 0: TypeError: NetworkError when attempting to fetch resource.
JavaScript error: , line 0: TypeError: NetworkError when attempting to fetch resource.
JavaScript error: , line 0: TypeError: NetworkError when attempting to fetch resource.
JavaScript error: , line 0: TypeError: NetworkError when attempting to fetch resource.
JavaScript error: , line 0: TypeError: NetworkError when attempting to fetch resource.
JavaScript error: , line 0: TypeError: NetworkError when attempting to fetch resource.
JavaScript error: , line 0: TypeError: NetworkError when attempting to fetch resource.
JavaScript error: , line 0: TypeError: NetworkError when attempting to fetch resource.
JavaScript error: , line 0: TypeError: NetworkError when attempting to fetch resource.
JavaScript error: , line 0: TypeError: NetworkError when attempting to fetch resource.
JavaScript error: , line 0: TypeError: NetworkError when attempting to fetch resource.
JavaScript error: , line 0: TypeError: NetworkError when attempting to fetch resource.
JavaScript error: , line 0: TypeError: NetworkError when attempting to fetch resource.
JavaScript error: , line 0: TypeError: NetworkError when attempting to fetch resource.
JavaScript error: , line 0: AbortError: The operation was aborted. 
JavaScript error: , line 0: AbortError: The operation was aborted. 
JavaScript error: , line 0: AbortError: The operation was aborted. 
JavaScript error: , line 0: AbortError: The operation was aborted. 
JavaScript error: , line 0: AbortError: The operation was aborted. 
JavaScript error: , line 0: AbortError: The operation was aborted. 
JavaScript error: , line 0: AbortError: The operation was aborted. 
JavaScript error: , line 0: AbortError: The operation was aborted. 
JavaScript error: , line 0: TypeError: NetworkError when attempting to fetch resource.
JavaScript error: , line 0: TypeError: NetworkError when attempting to fetch resource.
JavaScript error: , line 0: TypeError: NetworkError when attempting to fetch resource.
JavaScript error: , line 0: TypeError: NetworkError when attempting to fetch resource.
JavaScript error: , line 0: TypeError: NetworkError when attempting to fetch resource.
JavaScript error: , line 0: TypeError: NetworkError when attempting to fetch resource.
JavaScript error: , line 0: TypeError: NetworkError when attempting to fetch resource.
JavaScript error: , line 0: TypeError: NetworkError when attempting to fetch resource.
JavaScript error: , line 0: TypeError: NetworkError when attempting to fetch resource.
JavaScript error: , line 0: TypeError: NetworkError when attempting to fetch resource.
JavaScript error: , line 0: TypeError: NetworkError when attempting to fetch resource.
JavaScript error: , line 0: TypeError: NetworkError when attempting to fetch resource.
JavaScript error: , line 0: TypeError: NetworkError when attempting to fetch resource.
JavaScript error: , line 0: TypeError: NetworkError when attempting to fetch resource.
JavaScript error: , line 0: TypeError: NetworkError when attempting to fetch resource.
JavaScript error: , line 0: TypeError: NetworkError when attempting to fetch resource.
JavaScript error: , line 0: TypeError: NetworkError when attempting to fetch resource.
JavaScript error: , line 0: TypeError: NetworkError when attempting to fetch resource.
JavaScript error: , line 0: TypeError: NetworkError when attempting to fetch resource.
JavaScript error: , line 0: TypeError: NetworkError when attempting to fetch resource.
JavaScript error: , line 0: TypeError: NetworkError when attempting to fetch resource.
JavaScript error: , line 0: TypeError: NetworkError when attempting to fetch resource.
JavaScript error: , line 0: TypeError: NetworkError when attempting to fetch resource.
JavaScript error: , line 0: TypeError: NetworkError when attempting to fetch resource.
JavaScript error: , line 0: TypeError: NetworkError when attempting to fetch resource.
JavaScript error: , line 0: TypeError: NetworkError when attempting to fetch resource.
JavaScript error: , line 0: AbortError: The operation was aborted. 
JavaScript error: , line 0: AbortError: The operation was aborted. 
JavaScript error: , line 0: AbortError: The operation was aborted. 
JavaScript error: , line 0: AbortError: The operation was aborted. 
JavaScript error: , line 0: AbortError: The operation was aborted. 
JavaScript error: , line 0: AbortError: The operation was aborted. 
JavaScript error: , line 0: AbortError: The operation was aborted. 
JavaScript error: , line 0: AbortError: The operation was aborted. 
JavaScript error: https://www.bestbuy.com/~assets/bby/_com/cart.bundle-25ee193fc9cfbb766567c34eff6d85f6.js, line 148: TypeError: e is null
JavaScript error: https://assets.bbystatic.com/shop/master-ad/dist/client/client-ace299dadf26beaa6be5c810be84a67a.mjs, line 1: TypeError: t.props.breadCrumb is undefined
JavaScript error: , line 0: TypeError: NetworkError when attempting to fetch resource.
JavaScript error: , line 0: TypeError: NetworkError when attempting to fetch resource.
JavaScript error: , line 0: TypeError: NetworkError when attempting to fetch resource.
JavaScript error: , line 0: TypeError: NetworkError when attempting to fetch resource.
JavaScript error: , line 0: TypeError: NetworkError when attempting to fetch resource.
JavaScript error: , line 0: TypeError: NetworkError when attempting to fetch resource.
JavaScript error: , line 0: TypeError: NetworkError when attempting to fetch resource.
JavaScript error: , line 0: TypeError: NetworkError when attempting to fetch resource.
JavaScript error: , line 0: TypeError: NetworkError when attempting to fetch resource.
JavaScript error: , line 0: TypeError: NetworkError when attempting to fetch resource.
JavaScript error: , line 0: TypeError: NetworkError when attempting to fetch resource.
JavaScript error: , line 0: TypeError: NetworkError when attempting to fetch resource.
JavaScript error: , line 0: TypeError: NetworkError when attempting to fetch resource.
JavaScript error: , line 0: TypeError: NetworkError when attempting to fetch resource.
JavaScript error: , line 0: TypeError: NetworkError when attempting to fetch resource.
JavaScript error: , line 0: TypeError: NetworkError when attempting to fetch resource.
JavaScript error: , line 0: TypeError: NetworkError when attempting to fetch resource.
JavaScript error: , line 0: TypeError: NetworkError when attempting to fetch resource.
JavaScript error: , line 0: TypeError: NetworkError when attempting to fetch resource.
JavaScript error: , line 0: TypeError: NetworkError when attempting to fetch resource.
JavaScript error: , line 0: TypeError: NetworkError when attempting to fetch resource.
JavaScript error: , line 0: TypeError: NetworkError when attempting to fetch resource.
JavaScript error: https://www.bestbuy.com/identity/signin?token=tid%3A019b282a-94bc-11eb-a66d-005056ae2547, line 158: ReferenceError: initializer is not defined
JavaScript error: https://www.bestbuy.com/~assets/bby/_com/shop/lib-dai/dist/client/client-6009ba6739d0dec68b1532c993ab7cfc.mjs, line 1: ReferenceError: actionLog is not defined
1617482100764	Marionette	INFO	Stopped listening on port 56066

###!!! [Child][RunMessage] Error: Channel closing: too late to send/recv, messages will be lost

1617482102728	geckodriver	INFO	Listening on 127.0.0.1:56195
1617482106006	mozrunner::runner	INFO	Running command: "C:\\Program Files\\Mozilla Firefox\\firefox.exe" "--marionette" "-foreground" "-no-remote" "-profile" "C:\\Users\\Jaxn8\\AppData\\Local\\Temp\\rust_mozprofileS4YJiX"
console.warn: SearchSettings: "get: No settings file exists, new profile?" (new Error("", "(unknown module)"))
1617482108074	Marionette	INFO	Listening on port 56205
1617482108171	Marionette	WARN	TLS certificate errors will be ignored for this session
1617482112271	Marionette	WARN	TimedPromise timed out after 500 ms: stacktrace:
TimedPromise/<@chrome://marionette/content/sync.js:231:19
TimedPromise@chrome://marionette/content/sync.js:216:10
interaction.flushEventLoop@chrome://marionette/content/interaction.js:433:10
webdriverClickElement@chrome://marionette/content/interaction.js:179:31
JavaScript error: https://www.bestbuy.com/~assets/bby/_com/shop/warranty-selector/dist/client/client-86f6ea50132c88ec078c43fe25be8dd9.mjs, line 2: TypeError: r is undefined
JavaScript error: , line 0: TypeError: NetworkError when attempting to fetch resource.
JavaScript error: , line 0: TypeError: NetworkError when attempting to fetch resource.
1617482113739	Marionette	WARN	TimedPromise timed out after 500 ms: stacktrace:
TimedPromise/<@chrome://marionette/content/sync.js:231:19
TimedPromise@chrome://marionette/content/sync.js:216:10
interaction.flushEventLoop@chrome://marionette/content/interaction.js:433:10
webdriverClickElement@chrome://marionette/content/interaction.js:179:31
JavaScript error: , line 0: TypeError: NetworkError when attempting to fetch resource.
JavaScript error: , line 0: TypeError: NetworkError when attempting to fetch resource.
JavaScript error: , line 0: TypeError: NetworkError when attempting to fetch resource.
JavaScript error: https://www.bestbuy.com/~assets/bby/_com/cart.bundle-25ee193fc9cfbb766567c34eff6d85f6.js, line 148: TypeError: e is null
JavaScript error: https://assets.bbystatic.com/shop/master-ad/dist/client/client-ace299dadf26beaa6be5c810be84a67a.mjs, line 1: TypeError: t.props.breadCrumb is undefined
JavaScript error: https://www.bestbuy.com/identity/signin?token=tid%3A19dd0701-94bc-11eb-9088-005056ae0065, line 158: ReferenceError: initializer is not defined
JavaScript error: https://www.bestbuy.com/~assets/bby/_com/shop/lib-dai/dist/client/client-6009ba6739d0dec68b1532c993ab7cfc.mjs, line 1: ReferenceError: actionLog is not defined
1617482606458	Marionette	INFO	Stopped listening on port 56205
7482378812	mozrunner::runner	INFO	Running command: "C:\\Program Files\\Mozilla Firefox\\firefox.exe" "--marionette" "-foreground" "-no-remote" "-profile" "C:\\Users\\Jaxn8\\AppData\\Local\\Temp\\rust_mozprofileZEp3fv"
console.warn: SearchSettings: "get: No settings file exists, new profile?" (new Error("", "(unknown module)"))
1617482380979	Marionette	INFO	Listening on port 56638
1617482380996	Marionette	WARN	TLS certificate errors will be ignored for this session
JavaScript error: https://www.bestbuy.com/~assets/bby/_com/shop/warranty-selector/dist/client/client-86f6ea50132c88ec078c43fe25be8dd9.mjs, line 2: TypeError: r is undefined
1617482392489	Marionette	WARN	TimedPromise timed out after 500 ms: stacktrace:
TimedPromise/<@chrome://marionette/content/sync.js:231:19
TimedPromise@chrome://marionette/content/sync.js:216:10
interaction.flushEventLoop@chrome://marionette/content/interaction.js:433:10
webdriverClickElement@chrome://marionette/content/interaction.js:179:31
JavaScript error: https://www.bestbuy.com/~assets/bby/_com/cart.bundle-25ee193fc9cfbb766567c34eff6d85f6.js, line 148: TypeError: e is null
JavaScript error: https://assets.bbystatic.com/shop/master-ad/dist/client/client-ace299dadf26beaa6be5c810be84a67a.mjs, line 1: TypeError: t.props.breadCrumb is undefined
JavaScript error: https://www.bestbuy.com/identity/signin?token=tid%3Abfa2ec32-94bc-11eb-9fba-005056aeda70, line 158: ReferenceError: initializer is not defined
JavaScript error: https://www.bestbuy.com/~assets/bby/_com/shop/lib-dai/dist/client/client-6009ba6739d0dec68b1532c993ab7cfc.mjs, line 1: ReferenceError: actionLog is not defined
JavaScript error: resource://gre/actors/AutoCompleteChild.jsm, line 125: Error: Invalid autocomplete selectedIndex
JavaScript error: resource://gre/actors/AutoCompleteChild.jsm, line 125: Error: Invalid autocomplete selectedIndex
JavaScript error: resource://gre/modules/LoginManagerChild.jsm, line 190: NS_ERROR_XPC_JAVASCRIPT_ERROR_WITH_DETAILS: [JavaScript Error: "Invalid autocomplete selectedIndex" {file: "resource://gre/actors/AutoCompleteChild.jsm" line: 125}]'[JavaScript Error: "Invalid autocomplete selectedIndex" {file: "resource://gre/actors/AutoCompleteChild.jsm" line: 125}]' when calling method: [nsIAutoCompletePopup::selectedIndex]
1617482399819	Marionette	INFO	Stopped listening on port 56638
[Parent 16340, IPC I/O Parent] WARNING: file /builds/worker/checkouts/gecko/ipc/chromium/src/base/process_util_win.cc:167

###!!! [Child][MessageChannel] Error: (msgtype=0x6B0027,name=PNecko::Msg_RemoveRequestContext) Channel closing: too late to send/recv, messages will be lost


###!!! [Child][RunMessage] Error: Channel closing: too late to send/recv, messages will be lost

1617482423068	geckodriver	INFO	Listening on 127.0.0.1:56811
1617482426355	mozrunner::runner	INFO	Running command: "C:\\Program Files\\Mozilla Firefox\\firefox.exe" "--marionette" "-foreground" "-no-remote" "-profile" "C:\\Users\\Jaxn8\\AppData\\Local\\Temp\\rust_mozprofile7JKquB"
console.warn: SearchSettings: "get: No settings file exists, new profile?" (new Error("", "(unknown module)"))
1617482428353	Marionette	INFO	Listening on port 56820
1617482428403	Marionette	WARN	TLS certificate errors will be ignored for this session
1617482432159	Marionette	WARN	TimedPromise timed out after 500 ms: stacktrace:
TimedPromise/<@chrome://marionette/content/sync.js:231:19
TimedPromise@chrome://marionette/content/sync.js:216:10
interaction.flushEventLoop@chrome://marionette/content/interaction.js:433:10
webdriverClickElement@chrome://marionette/content/interaction.js:179:31
1617482433809	Marionette	WARN	TimedPromise timed out after 500 ms: stacktrace:
TimedPromise/<@chrome://marionette/content/sync.js:231:19
TimedPromise@chrome://marionette/content/sync.js:216:10
interaction.flushEventLoop@chrome://marionette/content/interaction.js:433:10
webdriverClickElement@chrome://marionette/content/interaction.js:179:31
JavaScript error: https://www.bestbuy.com/~assets/bby/_com/shop/warranty-selector/dist/client/client-86f6ea50132c88ec078c43fe25be8dd9.mjs, line 2: TypeError: r is undefined
JavaScript error: https://assets.bbystatic.com/shop/master-ad/dist/client/client-ace299dadf26beaa6be5c810be84a67a.mjs, line 1: TypeError: t.props.breadCrumb is undefined
JavaScript error: https://www.bestbuy.com/~assets/bby/_com/cart.bundle-25ee193fc9cfbb766567c34eff6d85f6.js, line 148: TypeError: e is null
JavaScript error: https://www.bestbuy.com/identity/signin?token=tid%3Ad89a8616-94bc-11eb-a66d-005056ae2547, line 158: ReferenceError: initializer is not defined
JavaScript error: https://www.bestbuy.com/~assets/bby/_com/shop/lib-dai/dist/client/client-6009ba6739d0dec68b1532c993ab7cfc.mjs, line 1: ReferenceError: actionLog is not defined
JavaScript error: resource://gre/actors/AutoCompleteChild.jsm, line 125: Error: Invalid autocomplete selectedIndex
JavaScript error: resource://gre/actors/AutoCompleteChild.jsm, line 125: Error: Invalid autocomplete selectedIndex
JavaScript error: resource://gre/modules/LoginManagerChild.jsm, line 190: NS_ERROR_XPC_JAVASCRIPT_ERROR_WITH_DETAILS: [JavaScript Error: "Invalid autocomplete selectedIndex" {file: "resource://gre/actors/AutoCompleteChild.jsm" line: 125}]'[JavaScript Error: "Invalid autocomplete selectedIndex" {file: "resource://gre/actors/AutoCompleteChild.jsm" line: 125}]' when calling method: [nsIAutoCompletePopup::selectedIndex]
JavaScript error: https://www.bestbuy.com/~assets/bby/_com/cart.bundle-25ee193fc9cfbb766567c34eff6d85f6.js, line 148: TypeError: e is null
JavaScript error: https://assets.bbystatic.com/shop/master-ad/dist/client/client-ace299dadf26beaa6be5c810be84a67a.mjs, line 1: TypeError: t.props.breadCrumb is undefined

###!!! [Child][RunMessage] Error: Channel closing: too late to send/recv, messages will be lost


###!!! [Child][RunMessage] Error: Channel closing: too late to send/recv, messages will be lost

1617482458175	Marionette	INFO	Stopped listening on port 56820

###!!! [Child][RunMessage] Error: Channel closing: too late to send/recv, messages will be lost

1617482617495	geckodriver	INFO	Listening on 127.0.0.1:57355
1617482620929	mozrunner::runner	INFO	Running command: "C:\\Program Files\\Mozilla Firefox\\firefox.exe" "--marionette" "-foreground" "-no-remote" "-profile" "C:\\Users\\Jaxn8\\AppData\\Local\\Temp\\rust_mozprofileyQAjhe"
console.warn: SearchSettings: "get: No settings file exists, new profile?" (new Error("", "(unknown module)"))
1617482622882	Marionette	INFO	Listening on port 57365
1617482622983	Marionette	WARN	TLS certificate errors will be ignored for this session
1617482626137	Marionette	WARN	TimedPromise timed out after 500 ms: stacktrace:
TimedPromise/<@chrome://marionette/content/sync.js:231:19
TimedPromise@chrome://marionette/content/sync.js:216:10
interaction.flushEventLoop@chrome://marionette/content/interaction.js:433:10
webdriverClickElement@chrome://marionette/content/interaction.js:179:31
JavaScript error: https://www.bestbuy.com/~assets/bby/_com/gvp-f76f67cf8c411d16bd2ebb06736c912a.min.js, line 22: Error: Initializer failed to initialize component for pricing-gift-with-purchase-51938201. Usually this is caused by an exception in your component's client init function.
JavaScript error: https://www.bestbuy.com/~assets/bby/_com/shop/warranty-selector/dist/client/client-86f6ea50132c88ec078c43fe25be8dd9.mjs, line 2: TypeError: r is undefined
JavaScript error: https://www.bestbuy.com/~assets/bby/_com/cart.bundle-25ee193fc9cfbb766567c34eff6d85f6.js, line 148: TypeError: e is null
JavaScript error: https://assets.bbystatic.com/shop/master-ad/dist/client/client-ace299dadf26beaa6be5c810be84a67a.mjs, line 1: TypeError: t.props.breadCrumb is undefined
JavaScript error: https://www.bestbuy.com/identity/signin?token=tid%3A4be87f9b-94bd-11eb-b4b0-005056aea131, line 158: ReferenceError: initializer is not defined
JavaScript error: https://www.bestbuy.com/~assets/bby/_com/shop/lib-dai/dist/client/client-6009ba6739d0dec68b1532c993ab7cfc.mjs, line 1: ReferenceError: actionLog is not defined
JavaScript error: resource://gre/actors/AutoCompleteChild.jsm, line 125: Error: Invalid autocomplete selectedIndex
JavaScript error: resource://gre/actors/AutoCompleteChild.jsm, line 125: Error: Invalid autocomplete selectedIndex
JavaScript error: resource://gre/modules/LoginManagerChild.jsm, line 190: NS_ERROR_XPC_JAVASCRIPT_ERROR_WITH_DETAILS: [JavaScript Error: "Invalid autocomplete selectedIndex" {file: "resource://gre/actors/AutoCompleteChild.jsm" line: 125}]'[JavaScript Error: "Invalid autocomplete selectedIndex" {file: "resource://gre/actors/AutoCompleteChild.jsm" line: 125}]' when calling method: [nsIAutoCompletePopup::selectedIndex]
1617482655110	Marionette	INFO	Stopped listening on port 57365

###!!! [Child][RunMessage] Error: Channel closing: too late to send/recv, messages will be lost

1617483111677	geckodriver	INFO	Listening on 127.0.0.1:57735
1617483115153	mozrunner::runner	INFO	Running command: "C:\\Program Files\\Mozilla Firefox\\firefox.exe" "--marionette" "-foreground" "-no-remote" "-profile" "C:\\Users\\Jaxn8\\AppData\\Local\\Temp\\rust_mozprofileFxtwzP"
console.warn: SearchSettings: "get: No settings file exists, new profile?" (new Error("", "(unknown module)"))
1617483117170	Marionette	INFO	Listening on port 57744
1617483117213	Marionette	WARN	TLS certificate errors will be ignored for this session
1617483120406	Marionette	WARN	TimedPromise timed out after 500 ms: stacktrace:
TimedPromise/<@chrome://marionette/content/sync.js:231:19
TimedPromise@chrome://marionette/content/sync.js:216:10
interaction.flushEventLoop@chrome://marionette/content/interaction.js:433:10
webdriverClickElement@chrome://marionette/content/interaction.js:179:31
JavaScript error: https://www.bestbuy.com/~assets/bby/_com/shop/warranty-selector/dist/client/client-86f6ea50132c88ec078c43fe25be8dd9.mjs, line 2: TypeError: r is undefined
JavaScript error: https://www.bestbuy.com/~assets/bby/_com/cart.bundle-25ee193fc9cfbb766567c34eff6d85f6.js, line 148: TypeError: e is null
JavaScript error: https://www.bestbuy.com/~assets/bby/_com/cart.bundle-25ee193fc9cfbb766567c34eff6d85f6.js, line 148: TypeError: e is null
JavaScript error: https://assets.bbystatic.com/shop/master-ad/dist/client/client-ace299dadf26beaa6be5c810be84a67a.mjs, line 1: TypeError: t.props.breadCrumb is undefined
JavaScript error: https://www.bestbuy.com/identity/signin?token=tid%3A75a421ff-94be-11eb-a66d-005056ae2547, line 158: ReferenceError: initializer is not defined
JavaScript error: https://www.bestbuy.com/~assets/bby/_com/shop/lib-dai/dist/client/client-6009ba6739d0dec68b1532c993ab7cfc.mjs, line 1: ReferenceError: actionLog is not defined
JavaScript error: resource://gre/actors/AutoCompleteChild.jsm, line 125: Error: Invalid autocomplete selectedIndex
JavaScript error: resource://gre/actors/AutoCompleteChild.jsm, line 125: Error: Invalid autocomplete selectedIndex
JavaScript error: resource://gre/modules/LoginManagerChild.jsm, line 190: NS_ERROR_XPC_JAVASCRIPT_ERROR_WITH_DETAILS: [JavaScript Error: "Invalid autocomplete selectedIndex" {file: "resource://gre/actors/AutoCompleteChild.jsm" line: 125}]'[JavaScript Error: "Invalid autocomplete selectedIndex" {file: "resource://gre/actors/AutoCompleteChild.jsm" line: 125}]' when calling method: [nsIAutoCompletePopup::selectedIndex]

###!!! [Child][RunMessage] Error: Channel closing: too late to send/recv, messages will be lost

1617483135792	Marionette	INFO	Stopped listening on port 57744
1617483148642	geckodriver	INFO	Listening on 127.0.0.1:57928
1617483151936	mozrunner::runner	INFO	Running command: "C:\\Program Files\\Mozilla Firefox\\firefox.exe" "--marionette" "-foreground" "-no-remote" "-profile" "C:\\Users\\Jaxn8\\AppData\\Local\\Temp\\rust_mozprofileL5vwm9"
console.warn: SearchSettings: "get: No settings file exists, new profile?" (new Error("", "(unknown module)"))
1617483154394	Marionette	INFO	Listening on port 57937
1617483154613	Marionette	WARN	TLS certificate errors will be ignored for this session
1617483157652	Marionette	WARN	TimedPromise timed out after 500 ms: stacktrace:
TimedPromise/<@chrome://marionette/content/sync.js:231:19
TimedPromise@chrome://marionette/content/sync.js:216:10
interaction.flushEventLoop@chrome://marionette/content/interaction.js:433:10
webdriverClickElement@chrome://marionette/content/interaction.js:179:31
JavaScript error: https://www.bestbuy.com/~assets/bby/_com/shop/warranty-selector/dist/client/client-86f6ea50132c88ec078c43fe25be8dd9.mjs, line 2: TypeError: r is undefined
console.error: "Error while calling actor 'layout's method 'getGrids'" "node is null"
console.error: "getGrids@resource://devtools/server/actors/layout.js:502:26\ngetGrids@resource://devtools/server/actors/layout.js:507:43\ngetGrids@resource://devtools/server/actors/layout.js:507:43\nhandler@resource://devtools/shared/protocol/Actor.js:172:37\nonPacket@resource://devtools/server/devtools-server-connection.js:379:58\nreceiveMessage@resource://devtools/shared/transport/child-transport.js:68:16\n"
console.error: (new TypeError("parent is null", "resource://devtools/client/inspector/shared/style-change-tracker.js", 67))
TypeError: parent is null: canMutationImpactCurrentStyles@resource://devtools/client/inspector/shared/style-change-tracker.js:67:24
onMutations@resource://devtools/client/inspector/shared/style-change-tracker.js:84:41
_emit@resource://devtools/shared/event-emitter.js:226:34
emit@resource://devtools/shared/event-emitter.js:172:18
emit@resource://devtools/shared/event-emitter.js:324:18
getMutations@resource://devtools/client/fronts/walker.js:358:10

JavaScript error: https://www.bestbuy.com/~assets/bby/_com/cart.bundle-25ee193fc9cfbb766567c34eff6d85f6.js, line 148: TypeError: e is null
JavaScript error: https://www.bestbuy.com/~assets/bby/_com/cart.bundle-25ee193fc9cfbb766567c34eff6d85f6.js, line 148: TypeError: e is null
JavaScript error: https://assets.bbystatic.com/shop/master-ad/dist/client/client-ace299dadf26beaa6be5c810be84a67a.mjs, line 1: TypeError: t.props.breadCrumb is undefined
console.error: "Error while calling actor 'layout's method 'getGrids'" "node is null"
console.error: "getGrids@resource://devtools/server/actors/layout.js:502:26\ngetGrids@resource://devtools/server/actors/layout.js:507:43\nhandler@resource://devtools/shared/protocol/Actor.js:172:37\nonPacket@resource://devtools/server/devtools-server-connection.js:379:58\nreceiveMessage@resource://devtools/shared/transport/child-transport.js:68:16\n"
1617483251684	Marionette	INFO	Stopped listening on port 57937
1617759627939	geckodriver	INFO	Listening on 127.0.0.1:62264
1617759631226	mozrunner::runner	INFO	Running command: "C:\\Program Files\\Mozilla Firefox\\firefox.exe" "--marionette" "-foreground" "-no-remote" "-profile" "C:\\Users\\Jaxn8\\AppData\\Local\\Temp\\rust_mozprofileyusSAP"
console.warn: SearchSettings: "get: No settings file exists, new profile?" (new Error("", "(unknown module)"))
1617759634028	Marionette	INFO	Listening on port 62276
1617759634420	Marionette	WARN	TLS certificate errors will be ignored for this session
console.log: WebExtensions: reset-default-search: No addons in our list are installed.

###!!! [Child][MessageChannel] Error: (msgtype=0x3C0001,name=PCookieService::Msg_SetCookies) Closed channel: cannot send/recv


###!!! [Child][MessageChannel] Error: (msgtype=0x3C0001,name=PCookieService::Msg_SetCookies) Closed channel: cannot send/recv


###!!! [Child][MessageChannel] Error: (msgtype=0x3A0157,name=PContent::Msg_InsertNewFocusActionId) Closed channel: cannot send/recv


###!!! [Child][MessageChannel] Error: (msgtype=0x3C0001,name=PCookieService::Msg_SetCookies) Closed channel: cannot send/recv

ion
1617761999128	Marionette	INFO	Stopped listening on port 63887

###!!! [Child][RunMessage] Error: Channel closing: too late to send/recv, messages will be lost

1617762012653	geckodriver	INFO	Listening on 127.0.0.1:64045
1617762015948	mozrunner::runner	INFO	Running command: "C:\\Program Files\\Mozilla Firefox\\firefox.exe" "--marionette" "-foreground" "-no-remote" "-profile" "C:\\Users\\Jaxn8\\AppData\\Local\\Temp\\rust_mozprofilepLmJNc"
console.warn: SearchSettings: "get: No settings file exists, new profile?" (new Error("", "(unknown module)"))
1617762017923	Marionette	INFO	Listening on port 64055
1617762017996	Marionette	WARN	TLS certificate errors will be ignored for this session

###!!! [Child][MessageChannel] Error: (msgtype=0x3C0001,name=PCookieService::Msg_SetCookies) Closed channel: cannot send/recv


###!!! [Child][MessageChannel] Error: (msgtype=0x3C0001,name=PCookieService::Msg_SetCookies) Closed channel: cannot send/recv


###!!! [Child][MessageChannel] Error: (msgtype=0x3A0157,name=PContent::Msg_InsertNewFocusActionId) Closed channel: cannot send/recv


###!!! [Child][MessageChannel] Error: (msgtype=0x3C0001,name=PCookieService::Msg_SetCookies) Closed channel: cannot send/recv


###!!! [Child][MessageChannel] Error: (msgtype=0x3A0157,name=PContent::Msg_InsertNewFocusActionId) Closed channel: cannot send/recv


###!!! [Child][MessageChannel] Error: (msgtype=0x3A0157,name=PContent::Msg_InsertNewFocusActionId) Closed channel: cannot send/recv


###!!! [Child][MessageChannel] Error: (msgtype=0x3A0157,name=PContent::Msg_InsertNewFocusActionId) Closed channel: cannot send/recv


###!!! [Child][MessageChannel] Error: (msgtype=0x3A0157,name=PContent::Msg_InsertNewFocusActionId) Closed channel: cannot send/recv


###!!! [Child][MessageChannel] Error: (msgtype=0x3A0157,name=PContent::Msg_InsertNewFocusActionId) Closed channel: cannot send/recv


###!!! [Child][MessageChannel] Error: (msgtype=0x3A0157,name=PContent::Msg_InsertNewFocusActionId) Closed channel: cannot send/recv


###!!! [Child][MessageChannel] Error: (msgtype=0x3A0157,name=PContent::Msg_InsertNewFocusActionId) Closed channel: cannot send/recv


###!!! [Child][MessageChannel] Error: (msgtype=0x3A0157,name=PContent::Msg_InsertNewFocusActionId) Closed channel: cannot send/recv


###!!! [Child][MessageChannel] Error: (msgtype=0x3A0157,name=PContent::Msg_InsertNewFocusActionId) Closed channel: cannot send/recv


###!!! [Child][MessageChannel] Error: (msgtype=0x3A0157,name=PContent::Msg_InsertNewFocusActionId) Closed channel: cannot send/recv

1789625baec123e61bf688.mjs, line 1: ChunkLoadError: Loading chunk 1 failed.
(error: https://www.bestbuy.com/~assets/bby/_com/shop/display-ad/dist/client/1-7e1c885b991789625baec123e61bf688.mjs)
JavaScript error: https://www.bestbuy.com/~assets/bby/_com/user-generated-content/ugc-stats/dist/client/client-7a153466bb5b38be70c9ff109aa8cea6.mjs, line 1: Error: Loading chunk 1 failed.
(error: https://www.bestbuy.com/~assets/bby/_com/user-generated-content/ugc-stats/dist/client/1-7a153466bb5b38be70c9ff109aa8cea6.mjs)
JavaScript error: https://www.bestbuy.com/~assets/bby/_com/shop/location-persistence/dist/client/client-07404307dcd4f669a604c5a39c32cc2e.mjs, line 1: Error: storeId required
JavaScript error: , line 0: TypeError: NetworkError when attempting to fetch resource.
JavaScript error: , line 0: TypeError: NetworkError when attempting to fetch resource.
JavaScript error: , line 0: TypeError: NetworkError when attempting to fetch resource.
JavaScript error: , line 0: TypeError: NetworkError when attempting to fetch resource.
JavaScript error: , line 0: TypeError: NetworkError when attempting to fetch resource.
JavaScript error: , line 0: TypeError: NetworkError when attempting to fetch resource.
JavaScript error: https://www.bestbuy.com/~assets/bby/_com/shop/header/dist/client/client-current-b56f3fa3c9800c4a1cb4084fc82efb95.mjs, line 1: TypeError: e is undefined
JavaScript error: , line 0: TypeError: NetworkError when attempting to fetch resource.
JavaScript error: , line 0: TypeError: NetworkError when attempting to fetch resource.
JavaScript error: , line 0: TypeError: NetworkError when attempting to fetch resource.
JavaScript error: , line 0: TypeError: NetworkError when attempting to fetch resource.
JavaScript error: , line 0: TypeError: NetworkError when attempting to fetch resource.
JavaScript error: , line 0: TypeError: NetworkError when attempting to fetch resource.
JavaScript error: , line 0: TypeError: NetworkError when attempting to fetch resource.
JavaScript error: https://www.bestbuy.com/~assets/bby/_com/gvp-9ae543e5dd97ff595273880644fc595e.min.js, line 22: Error: Initializer failed to initialize component for pricing-price-43315690. Usually this is caused by an exception in your component's client init function.
JavaScript error: https://www.bestbuy.com/~assets/bby/_com/gvp-9ae543e5dd97ff595273880644fc595e.min.js, line 22: Error: Initializer failed to initialize component for shop-primary-image-14077041. Usually this is caused by an exception in your component's client init function.
JavaScript error: , line 0: TypeError: NetworkError when attempting to fetch resource.
JavaScript error: , line 0: TypeError: NetworkError when attempting to fetch resource.
JavaScript error: , line 0: TypeError: NetworkError when attempting to fetch resource.
JavaScript error: , line 0: TypeError: NetworkError when attempting to fetch resource.
JavaScript error: , line 0: TypeError: NetworkError when attempting to fetch resource.
JavaScript error: https://www.bestbuy.com/~assets/bby/_com/shop/location-persistence/dist/client/client-07404307dcd4f669a604c5a39c32cc2e.mjs, line 1: Error: storeId required
JavaScript error: https://assets.bbystatic.com/shop/master-ad/dist/client/client-ace299dadf26beaa6be5c810be84a67a.mjs, line 1: TypeError: t.props.breadCrumb is undefined
JavaScript error: https://assets.bbystatic.com/shop/master-ad/dist/client/client-ace299dadf26beaa6be5c810be84a67a.mjs, line 1: TypeError: t.props.breadCrumb is undefined
JavaScript error: https://www.bestbuy.com/identity/signin?token=tid%3A2213946d-9748-11eb-a203-0eea4f0a59d5, line 158: ReferenceError: initializer is not defined
JavaScript error: https://www.bestbuy.com/~assets/bby/_com/shop/lib-dai/dist/client/client-6009ba6739d0dec68b1532c993ab7cfc.mjs, line 1: ReferenceError: actionLog is not defined
JavaScript error: https://www.bestbuy.com/~assets/bby/_com/shop/location-persistence/dist/client/client-07404307dcd4f669a604c5a39c32cc2e.mjs, line 1: Error: storeId required
JavaScript error: https://www.bestbuy.com/~assets/bby/_com/shop/location-persistence/dist/client/client-07404307dcd4f669a604c5a39c32cc2e.mjs, line 1: Error: storeId required
JavaScript error: https://www.bestbuy.com/~assets/bby/_com/shop/warranty-selector/dist/client/client-86f6ea50132c88ec078c43fe25be8dd9.mjs, line 2: TypeError: r is undefined
JavaScript error: https://assets.bbystatic.com/shop/master-ad/dist/client/client-ace299dadf26beaa6be5c810be84a67a.mjs, line 1: TypeError: t.props.breadCrumb is undefined
JavaScript error: , line 0: TypeError: NetworkError when attempting to fetch resource.
JavaScript error: https://www.bestbuy.com/~assets/bby/_com/shop/location-persistence/dist/client/client-07404307dcd4f669a604c5a39c32cc2e.mjs, line 1: Error: storeId required
JavaScript error: https://www.bestbuy.com/identity/signin?token=tid%3A43b3fa12-9748-11eb-af4c-1251f1ccdb09, line 158: ReferenceError: initializer is not defined
JavaScript error: https://www.bestbuy.com/~assets/bby/_com/shop/lib-dai/dist/client/client-6009ba6739d0dec68b1532c993ab7cfc.mjs, line 1: ReferenceError: actionLog is not defined
JavaScript error: resource://gre/actors/AutoCompleteChild.jsm, line 125: Error: Invalid autocomplete selectedIndex
JavaScript error: resource://gre/actors/AutoCompleteChild.jsm, line 125: Error: Invalid autocomplete selectedIndex
JavaScript error: resource://gre/modules/LoginManagerChild.jsm, line 190: NS_ERROR_XPC_JAVASCRIPT_ERROR_WITH_DETAILS: [JavaScript Error: "Invalid autocomplete selectedIndex" {file: "resource://gre/actors/AutoCompleteChild.jsm" line: 125}]'[JavaScript Error: "Invalid autocomplete selectedIndex" {file: "resource://gre/actors/AutoCompleteChild.jsm" line: 125}]' when calling method: [nsIAutoCompletePopup::selectedIndex]
JavaScript error: https://www.bestbuy.com/~assets/bby/_com/shop/location-persistence/dist/client/client-07404307dcd4f669a604c5a39c32cc2e.mjs, line 1: Error: storeId required
1617762330798	Marionette	INFO	Stopped listening on port 64418

###!!! [Child][RunMessage] Error: Channel closing: too late to send/recv, messages will be lost

1617982390589	geckodriver	INFO	Listening on 127.0.0.1:51667
1617982393876	mozrunner::runner	INFO	Running command: "C:\\Program Files\\Mozilla Firefox\\firefox.exe" "--marionette" "-foreground" "-no-remote" "-profile" "C:\\Users\\Jaxn8\\AppData\\Local\\Temp\\rust_mozprofileL1dF8t"
console.warn: SearchSettings: "get: No settings file exists, new profile?" (new Error("", "(unknown module)"))
1617982396609	Marionette	INFO	Listening on port 51676
1617982397059	Marionette	WARN	TLS certificate errors will be ignored for this session
JavaScript error: resource://gre/modules/AsyncShutdown.jsm, line 575: NotFoundError: No such JSWindowActor 'MarionetteEvents'
JavaScript error: resource://gre/modules/AsyncShutdown.jsm, line 575: NotFoundError: No such JSWindowActor 'MarionetteEvents'
JavaScript error: resource:///actors/ContentMetaChild.jsm, line 179: InvalidStateError: JSWindowActorChild.sendAsyncMessage: JSWindowActorChild cannot send at the moment
JavaScript error: https://www.bestbuy.com/~assets/bby/_com/gvp-9ae543e5dd97ff595273880644fc595e.min.js, line 12: NS_ERROR_NOT_INITIALIZED: 
JavaScript error: https://www.bestbuy.com/~assets/bby/_com/gvp-9ae543e5dd97ff595273880644fc595e.min.js, line 12: NS_ERROR_NOT_INITIALIZED: 
JavaScript error: https://www.bestbuy.com/~assets/bby/_com/gvp-9ae543e5dd97ff595273880644fc595e.min.js, line 12: NS_ERROR_NOT_INITIALIZED: 
1617982409074	Marionette	INFO	Stopped listening on port 51676

###!!! [Child][RunMessage] Error: Channel closing: too late to send/recv, messages will be lost

